<?xml version="1.0" encoding="UTF-8"?>
<testng-results skipped="0" failed="0" ignored="0" total="1" passed="1">
  <reporter-output>
    <line>
      <![CDATA[Browser start...]]>
    </line>
    <line>
      <![CDATA[Environment: https://www.tscti.com/]]>
    </line>
    <line>
      <![CDATA[Application is up and running!]]>
    </line>
    <line>
      <![CDATA[The test steps will be executed here.]]>
    </line>
  </reporter-output>
  <suite name="Default suite" duration-ms="19355" started-at="2022-04-28T16:53:02 EDT" finished-at="2022-04-28T16:53:21 EDT">
    <groups>
    </groups>
    <test name="Default test" duration-ms="19355" started-at="2022-04-28T16:53:02 EDT" finished-at="2022-04-28T16:53:21 EDT">
      <class name="com.usda.gov.USDA_RD.TSCTI_Home">
        <test-method status="PASS" signature="setup()[pri:0, instance:com.usda.gov.USDA_RD.TSCTI_Home@670b40af]" name="setup" is-config="true" duration-ms="18679" started-at="2022-04-28T16:53:02 EDT" finished-at="2022-04-28T16:53:20 EDT">
          <reporter-output>
            <line>
              <![CDATA[Browser start...]]>
            </line>
            <line>
              <![CDATA[Environment: https://www.tscti.com/]]>
            </line>
            <line>
              <![CDATA[Application is up and running!]]>
            </line>
          </reporter-output>
        </test-method> <!-- setup -->
        <test-method status="PASS" signature="test01()[pri:0, instance:com.usda.gov.USDA_RD.TSCTI_Home@670b40af]" name="test01" duration-ms="3" started-at="2022-04-28T16:53:20 EDT" finished-at="2022-04-28T16:53:20 EDT">
          <reporter-output>
            <line>
              <![CDATA[The test steps will be executed here.]]>
            </line>
          </reporter-output>
        </test-method> <!-- test01 -->
        <test-method status="PASS" signature="close_browser()[pri:0, instance:com.usda.gov.USDA_RD.TSCTI_Home@670b40af]" name="close_browser" is-config="true" duration-ms="642" started-at="2022-04-28T16:53:20 EDT" finished-at="2022-04-28T16:53:21 EDT">
          <reporter-output>
          </reporter-output>
        </test-method> <!-- close_browser -->
      </class> <!-- com.usda.gov.USDA_RD.TSCTI_Home -->
    </test> <!-- Default test -->
  </suite> <!-- Default suite -->
</testng-results>
